This file contains any messages produced by compilers while
running configure, to aid debugging if configure makes a mistake.

It was created by word_embedding_generator configure 0.1, which was
generated by GNU Autoconf 2.69.  Invocation command line was

  $ /home/delta/mit-course/git/alexa_skills/poetry_gen/c_plus_plus_project/configure --enable-maintainer-mode CFLAGS=-g -O0 CXXFLAGS=-g -O0 JFLAGS=-g -O0 FFLAGS=-g -O0

## --------- ##
## Platform. ##
## --------- ##

hostname = delta-arch
uname -m = x86_64
uname -r = 4.11.9-1-ARCH
uname -s = Linux
uname -v = #1 SMP PREEMPT Wed Jul 5 18:23:08 CEST 2017

/usr/bin/uname -p = unknown
/bin/uname -X     = unknown

/bin/arch              = unknown
/usr/bin/arch -k       = unknown
/usr/convex/getsysinfo = unknown
/usr/bin/hostinfo      = unknown
/bin/machine           = unknown
/usr/bin/oslevel       = unknown
/bin/universe          = unknown

PATH: LOCAL_PATH
PATH: /opt/anaconda/bin
PATH: /usr/local/sbin
PATH: /usr/local/bin
PATH: /usr/bin
PATH: /opt/android-sdk/platform-tools
PATH: /opt/android-sdk/tools
PATH: /opt/android-sdk/tools/bin
PATH: /usr/lib/jvm/default/bin
PATH: /usr/bin/site_perl
PATH: /usr/bin/vendor_perl
PATH: /usr/bin/core_perl


## ----------- ##
## Core tests. ##
## ----------- ##

configure:2441: checking for a BSD-compatible install
configure:2509: result: /usr/bin/install -c
configure:2520: checking whether build environment is sane
configure:2575: result: yes
configure:2726: checking for a thread-safe mkdir -p
configure:2765: result: /usr/bin/mkdir -p
configure:2772: checking for gawk
configure:2788: found /usr/bin/gawk
configure:2799: result: gawk
configure:2810: checking whether make sets $(MAKE)
configure:2832: result: yes
configure:2861: checking whether make supports nested variables
configure:2878: result: yes
configure:3016: checking whether make supports nested variables
configure:3033: result: yes
configure:3103: checking for g++
configure:3119: found /usr/bin/g++
configure:3130: result: g++
configure:3157: checking for C++ compiler version
configure:3166: g++ --version >&5
g++ (GCC) 7.1.1 20170621
Copyright (C) 2017 Free Software Foundation, Inc.
This is free software; see the source for copying conditions.  There is NO
warranty; not even for MERCHANTABILITY or FITNESS FOR A PARTICULAR PURPOSE.

configure:3177: $? = 0
configure:3166: g++ -v >&5
Using built-in specs.
COLLECT_GCC=g++
COLLECT_LTO_WRAPPER=/usr/lib/gcc/x86_64-pc-linux-gnu/7.1.1/lto-wrapper
Target: x86_64-pc-linux-gnu
Configured with: /build/gcc/src/gcc/configure --prefix=/usr --libdir=/usr/lib --libexecdir=/usr/lib --mandir=/usr/share/man --infodir=/usr/share/info --with-bugurl=https://bugs.archlinux.org/ --enable-languages=c,c++,ada,fortran,go,lto,objc,obj-c++ --enable-shared --enable-threads=posix --enable-libmpx --with-system-zlib --with-isl --enable-__cxa_atexit --disable-libunwind-exceptions --enable-clocale=gnu --disable-libstdcxx-pch --disable-libssp --enable-gnu-unique-object --enable-linker-build-id --enable-lto --enable-plugin --enable-install-libiberty --with-linker-hash-style=gnu --enable-gnu-indirect-function --disable-multilib --disable-werror --enable-checking=release
Thread model: posix
gcc version 7.1.1 20170621 (GCC) 
configure:3177: $? = 0
configure:3166: g++ -V >&5
g++: error: unrecognized command line option '-V'
g++: fatal error: no input files
compilation terminated.
configure:3177: $? = 1
configure:3166: g++ -qversion >&5
g++: error: unrecognized command line option '-qversion'; did you mean '--version'?
g++: fatal error: no input files
compilation terminated.
configure:3177: $? = 1
configure:3197: checking whether the C++ compiler works
configure:3219: g++ -g -O0   conftest.cpp  >&5
configure:3223: $? = 0
configure:3271: result: yes
configure:3274: checking for C++ compiler default output file name
configure:3276: result: a.out
configure:3282: checking for suffix of executables
configure:3289: g++ -o conftest -g -O0   conftest.cpp  >&5
configure:3293: $? = 0
configure:3315: result: 
configure:3337: checking whether we are cross compiling
configure:3345: g++ -o conftest -g -O0   conftest.cpp  >&5
configure:3349: $? = 0
configure:3356: ./conftest
configure:3360: $? = 0
configure:3375: result: no
configure:3380: checking for suffix of object files
configure:3402: g++ -c -g -O0  conftest.cpp >&5
configure:3406: $? = 0
configure:3427: result: o
configure:3431: checking whether we are using the GNU C++ compiler
configure:3450: g++ -c -g -O0  conftest.cpp >&5
configure:3450: $? = 0
configure:3459: result: yes
configure:3468: checking whether g++ accepts -g
configure:3488: g++ -c -g  conftest.cpp >&5
configure:3488: $? = 0
configure:3529: result: yes
configure:3563: checking for style of include used by make
configure:3591: result: GNU
configure:3617: checking dependency style of g++
configure:3728: result: gcc3
configure:3748: checking whether NLS is requested
configure:3757: result: yes
configure:3775: checking for intltool >= 0.35.0
configure:3777: result: 0.51.0 found
configure:3785: checking for intltool-update
configure:3803: found /usr/bin/intltool-update
configure:3815: result: /usr/bin/intltool-update
configure:3825: checking for intltool-merge
configure:3843: found /usr/bin/intltool-merge
configure:3855: result: /usr/bin/intltool-merge
configure:3865: checking for intltool-extract
configure:3883: found /usr/bin/intltool-extract
configure:3895: result: /usr/bin/intltool-extract
configure:4049: checking for xgettext
configure:4067: found /opt/anaconda/bin/xgettext
configure:4079: result: /opt/anaconda/bin/xgettext
configure:4089: checking for msgmerge
configure:4107: found /opt/anaconda/bin/msgmerge
configure:4119: result: /opt/anaconda/bin/msgmerge
configure:4129: checking for msgfmt
configure:4147: found /opt/anaconda/bin/msgfmt
configure:4159: result: /opt/anaconda/bin/msgfmt
configure:4169: checking for gmsgfmt
configure:4200: result: /opt/anaconda/bin/msgfmt
configure:4220: checking for perl
configure:4238: found /usr/bin/perl
configure:4250: result: /usr/bin/perl
configure:4261: checking for perl >= 5.8.1
configure:4268: result: 5.26.0
configure:4272: checking for XML::Parser
configure:4275: result: ok
configure:4344: checking for gcc
configure:4360: found /usr/bin/gcc
configure:4371: result: gcc
configure:4600: checking for C compiler version
configure:4609: gcc --version >&5
gcc (GCC) 7.1.1 20170621
Copyright (C) 2017 Free Software Foundation, Inc.
This is free software; see the source for copying conditions.  There is NO
warranty; not even for MERCHANTABILITY or FITNESS FOR A PARTICULAR PURPOSE.

configure:4620: $? = 0
configure:4609: gcc -v >&5
Using built-in specs.
COLLECT_GCC=gcc
COLLECT_LTO_WRAPPER=/usr/lib/gcc/x86_64-pc-linux-gnu/7.1.1/lto-wrapper
Target: x86_64-pc-linux-gnu
Configured with: /build/gcc/src/gcc/configure --prefix=/usr --libdir=/usr/lib --libexecdir=/usr/lib --mandir=/usr/share/man --infodir=/usr/share/info --with-bugurl=https://bugs.archlinux.org/ --enable-languages=c,c++,ada,fortran,go,lto,objc,obj-c++ --enable-shared --enable-threads=posix --enable-libmpx --with-system-zlib --with-isl --enable-__cxa_atexit --disable-libunwind-exceptions --enable-clocale=gnu --disable-libstdcxx-pch --disable-libssp --enable-gnu-unique-object --enable-linker-build-id --enable-lto --enable-plugin --enable-install-libiberty --with-linker-hash-style=gnu --enable-gnu-indirect-function --disable-multilib --disable-werror --enable-checking=release
Thread model: posix
gcc version 7.1.1 20170621 (GCC) 
configure:4620: $? = 0
configure:4609: gcc -V >&5
gcc: error: unrecognized command line option '-V'
gcc: fatal error: no input files
compilation terminated.
configure:4620: $? = 1
configure:4609: gcc -qversion >&5
gcc: error: unrecognized command line option '-qversion'; did you mean '--version'?
gcc: fatal error: no input files
compilation terminated.
configure:4620: $? = 1
configure:4624: checking whether we are using the GNU C compiler
configure:4643: gcc -c -g -O0  conftest.c >&5
configure:4643: $? = 0
configure:4652: result: yes
configure:4661: checking whether gcc accepts -g
configure:4681: gcc -c -g  conftest.c >&5
configure:4681: $? = 0
configure:4722: result: yes
configure:4739: checking for gcc option to accept ISO C89
configure:4802: gcc  -c -g -O0  conftest.c >&5
configure:4802: $? = 0
configure:4815: result: none needed
configure:4840: checking whether gcc understands -c and -o together
configure:4862: gcc -c conftest.c -o conftest2.o
configure:4865: $? = 0
configure:4862: gcc -c conftest.c -o conftest2.o
configure:4865: $? = 0
configure:4877: result: yes
configure:4896: checking dependency style of gcc
configure:5007: result: gcc3
configure:5028: checking how to run the C preprocessor
configure:5059: gcc -E  conftest.c
configure:5059: $? = 0
configure:5073: gcc -E  conftest.c
conftest.c:12:10: fatal error: ac_nonexistent.h: No such file or directory
 #include <ac_nonexistent.h>
          ^~~~~~~~~~~~~~~~~~
compilation terminated.
configure:5073: $? = 1
configure: failed program was:
| /* confdefs.h */
| #define PACKAGE_NAME "word_embedding_generator"
| #define PACKAGE_TARNAME "word_embedding_generator"
| #define PACKAGE_VERSION "0.1"
| #define PACKAGE_STRING "word_embedding_generator 0.1"
| #define PACKAGE_BUGREPORT ""
| #define PACKAGE_URL ""
| #define PACKAGE "word_embedding_generator"
| #define VERSION "0.1"
| #define GETTEXT_PACKAGE "word_embedding_generator"
| /* end confdefs.h.  */
| #include <ac_nonexistent.h>
configure:5098: result: gcc -E
configure:5118: gcc -E  conftest.c
configure:5118: $? = 0
configure:5132: gcc -E  conftest.c
conftest.c:12:10: fatal error: ac_nonexistent.h: No such file or directory
 #include <ac_nonexistent.h>
          ^~~~~~~~~~~~~~~~~~
compilation terminated.
configure:5132: $? = 1
configure: failed program was:
| /* confdefs.h */
| #define PACKAGE_NAME "word_embedding_generator"
| #define PACKAGE_TARNAME "word_embedding_generator"
| #define PACKAGE_VERSION "0.1"
| #define PACKAGE_STRING "word_embedding_generator 0.1"
| #define PACKAGE_BUGREPORT ""
| #define PACKAGE_URL ""
| #define PACKAGE "word_embedding_generator"
| #define VERSION "0.1"
| #define GETTEXT_PACKAGE "word_embedding_generator"
| /* end confdefs.h.  */
| #include <ac_nonexistent.h>
configure:5161: checking for grep that handles long lines and -e
configure:5219: result: /usr/bin/grep
configure:5224: checking for egrep
configure:5286: result: /usr/bin/grep -E
configure:5291: checking for ANSI C header files
configure:5311: gcc -c -g -O0  conftest.c >&5
configure:5311: $? = 0
configure:5384: gcc -o conftest -g -O0   conftest.c  >&5
configure:5384: $? = 0
configure:5384: ./conftest
configure:5384: $? = 0
configure:5395: result: yes
configure:5408: checking for sys/types.h
configure:5408: gcc -c -g -O0  conftest.c >&5
configure:5408: $? = 0
configure:5408: result: yes
configure:5408: checking for sys/stat.h
configure:5408: gcc -c -g -O0  conftest.c >&5
configure:5408: $? = 0
configure:5408: result: yes
configure:5408: checking for stdlib.h
configure:5408: gcc -c -g -O0  conftest.c >&5
configure:5408: $? = 0
configure:5408: result: yes
configure:5408: checking for string.h
configure:5408: gcc -c -g -O0  conftest.c >&5
configure:5408: $? = 0
configure:5408: result: yes
configure:5408: checking for memory.h
configure:5408: gcc -c -g -O0  conftest.c >&5
configure:5408: $? = 0
configure:5408: result: yes
configure:5408: checking for strings.h
configure:5408: gcc -c -g -O0  conftest.c >&5
configure:5408: $? = 0
configure:5408: result: yes
configure:5408: checking for inttypes.h
configure:5408: gcc -c -g -O0  conftest.c >&5
configure:5408: $? = 0
configure:5408: result: yes
configure:5408: checking for stdint.h
configure:5408: gcc -c -g -O0  conftest.c >&5
configure:5408: $? = 0
configure:5408: result: yes
configure:5408: checking for unistd.h
configure:5408: gcc -c -g -O0  conftest.c >&5
configure:5408: $? = 0
configure:5408: result: yes
configure:5423: checking locale.h usability
configure:5423: gcc -c -g -O0  conftest.c >&5
configure:5423: $? = 0
configure:5423: result: yes
configure:5423: checking locale.h presence
configure:5423: gcc -E  conftest.c
configure:5423: $? = 0
configure:5423: result: yes
configure:5423: checking for locale.h
configure:5423: result: yes
configure:5434: checking for LC_MESSAGES
configure:5450: gcc -o conftest -g -O0   conftest.c  >&5
configure:5450: $? = 0
configure:5458: result: yes
configure:5476: checking for CFPreferencesCopyAppValue
configure:5494: gcc -o conftest -g -O0   conftest.c  -Wl,-framework -Wl,CoreFoundation >&5
conftest.c:24:10: fatal error: CoreFoundation/CFPreferences.h: No such file or directory
 #include <CoreFoundation/CFPreferences.h>
          ^~~~~~~~~~~~~~~~~~~~~~~~~~~~~~~~
compilation terminated.
configure:5494: $? = 1
configure: failed program was:
| /* confdefs.h */
| #define PACKAGE_NAME "word_embedding_generator"
| #define PACKAGE_TARNAME "word_embedding_generator"
| #define PACKAGE_VERSION "0.1"
| #define PACKAGE_STRING "word_embedding_generator 0.1"
| #define PACKAGE_BUGREPORT ""
| #define PACKAGE_URL ""
| #define PACKAGE "word_embedding_generator"
| #define VERSION "0.1"
| #define GETTEXT_PACKAGE "word_embedding_generator"
| #define STDC_HEADERS 1
| #define HAVE_SYS_TYPES_H 1
| #define HAVE_SYS_STAT_H 1
| #define HAVE_STDLIB_H 1
| #define HAVE_STRING_H 1
| #define HAVE_MEMORY_H 1
| #define HAVE_STRINGS_H 1
| #define HAVE_INTTYPES_H 1
| #define HAVE_STDINT_H 1
| #define HAVE_UNISTD_H 1
| #define HAVE_LOCALE_H 1
| #define HAVE_LC_MESSAGES 1
| /* end confdefs.h.  */
| #include <CoreFoundation/CFPreferences.h>
| int
| main ()
| {
| CFPreferencesCopyAppValue(NULL, NULL)
|   ;
|   return 0;
| }
configure:5503: result: no
configure:5510: checking for CFLocaleCopyCurrent
configure:5528: gcc -o conftest -g -O0   conftest.c  -Wl,-framework -Wl,CoreFoundation >&5
conftest.c:24:10: fatal error: CoreFoundation/CFLocale.h: No such file or directory
 #include <CoreFoundation/CFLocale.h>
          ^~~~~~~~~~~~~~~~~~~~~~~~~~~
compilation terminated.
configure:5528: $? = 1
configure: failed program was:
| /* confdefs.h */
| #define PACKAGE_NAME "word_embedding_generator"
| #define PACKAGE_TARNAME "word_embedding_generator"
| #define PACKAGE_VERSION "0.1"
| #define PACKAGE_STRING "word_embedding_generator 0.1"
| #define PACKAGE_BUGREPORT ""
| #define PACKAGE_URL ""
| #define PACKAGE "word_embedding_generator"
| #define VERSION "0.1"
| #define GETTEXT_PACKAGE "word_embedding_generator"
| #define STDC_HEADERS 1
| #define HAVE_SYS_TYPES_H 1
| #define HAVE_SYS_STAT_H 1
| #define HAVE_STDLIB_H 1
| #define HAVE_STRING_H 1
| #define HAVE_MEMORY_H 1
| #define HAVE_STRINGS_H 1
| #define HAVE_INTTYPES_H 1
| #define HAVE_STDINT_H 1
| #define HAVE_UNISTD_H 1
| #define HAVE_LOCALE_H 1
| #define HAVE_LC_MESSAGES 1
| /* end confdefs.h.  */
| #include <CoreFoundation/CFLocale.h>
| int
| main ()
| {
| CFLocaleCopyCurrent();
|   ;
|   return 0;
| }
configure:5537: result: no
configure:5551: checking libintl.h usability
configure:5551: gcc -c -g -O0  conftest.c >&5
configure:5551: $? = 0
configure:5551: result: yes
configure:5551: checking libintl.h presence
configure:5551: gcc -E  conftest.c
configure:5551: $? = 0
configure:5551: result: yes
configure:5551: checking for libintl.h
configure:5551: result: yes
configure:5559: checking for ngettext in libc
configure:5577: gcc -o conftest -g -O0   conftest.c  >&5
configure:5577: $? = 0
configure:5586: result: yes
configure:5590: checking for dgettext in libc
configure:5608: gcc -o conftest -g -O0   conftest.c  >&5
configure:5608: $? = 0
configure:5617: result: yes
configure:5624: checking for bind_textdomain_codeset
configure:5624: gcc -o conftest -g -O0   conftest.c  >&5
configure:5624: $? = 0
configure:5624: result: yes
configure:5900: checking for msgfmt
configure:5927: result: /opt/anaconda/bin/msgfmt
configure:5938: checking for dcgettext
configure:5938: gcc -o conftest -g -O0   conftest.c   >&5
conftest.c:49:6: warning: conflicting types for built-in function 'dcgettext' [-Wbuiltin-declaration-mismatch]
 char dcgettext ();
      ^~~~~~~~~
configure:5938: $? = 0
configure:5938: result: yes
configure:5948: checking if msgfmt accepts -c
configure:5963: $MSGFMT -c -o /dev/null conftest.foo
conftest.foo:3: warning: header field 'Language' missing in header
configure:5966: $? = 0
configure:5968: result: yes
configure:5978: checking for gmsgfmt
configure:6009: result: /opt/anaconda/bin/msgfmt
configure:6019: checking for xgettext
configure:6046: result: /opt/anaconda/bin/xgettext
configure:6065: gcc -o conftest -g -O0   conftest.c   >&5
configure:6065: $? = 0
configure:6238: checking build system type
configure:6252: result: x86_64-pc-linux-gnu
configure:6272: checking host system type
configure:6285: result: x86_64-pc-linux-gnu
configure:6326: checking how to print strings
configure:6353: result: printf
configure:6374: checking for a sed that does not truncate output
configure:6438: result: /usr/bin/sed
configure:6456: checking for fgrep
configure:6518: result: /usr/bin/grep -F
configure:6553: checking for ld used by gcc
configure:6620: result: /usr/bin/ld
configure:6627: checking if the linker (/usr/bin/ld) is GNU ld
configure:6642: result: yes
configure:6654: checking for BSD- or MS-compatible name lister (nm)
configure:6708: result: /usr/bin/nm -B
configure:6838: checking the name lister (/usr/bin/nm -B) interface
configure:6845: gcc -c -g -O0  conftest.c >&5
configure:6848: /usr/bin/nm -B "conftest.o"
configure:6851: output
0000000000000000 B some_variable
configure:6858: result: BSD nm
configure:6861: checking whether ln -s works
configure:6865: result: yes
configure:6873: checking the maximum length of command line arguments
configure:7004: result: 1572864
configure:7052: checking how to convert x86_64-pc-linux-gnu file names to x86_64-pc-linux-gnu format
configure:7092: result: func_convert_file_noop
configure:7099: checking how to convert x86_64-pc-linux-gnu file names to toolchain format
configure:7119: result: func_convert_file_noop
configure:7126: checking for /usr/bin/ld option to reload object files
configure:7133: result: -r
configure:7207: checking for objdump
configure:7223: found /usr/bin/objdump
configure:7234: result: objdump
configure:7266: checking how to recognize dependent libraries
configure:7466: result: pass_all
configure:7551: checking for dlltool
configure:7581: result: no
configure:7611: checking how to associate runtime and link libraries
configure:7638: result: printf %s\n
configure:7698: checking for ar
configure:7714: found /usr/bin/ar
configure:7725: result: ar
configure:7762: checking for archiver @FILE support
configure:7779: gcc -c -g -O0  conftest.c >&5
configure:7779: $? = 0
configure:7782: ar cru libconftest.a @conftest.lst >&5
ar: `u' modifier ignored since `D' is the default (see `U')
configure:7785: $? = 0
configure:7790: ar cru libconftest.a @conftest.lst >&5
ar: `u' modifier ignored since `D' is the default (see `U')
ar: conftest.o: No such file or directory
configure:7793: $? = 1
configure:7805: result: @
configure:7863: checking for strip
configure:7879: found /usr/bin/strip
configure:7890: result: strip
configure:7962: checking for ranlib
configure:7978: found /usr/bin/ranlib
configure:7989: result: ranlib
configure:8091: checking command to parse /usr/bin/nm -B output from gcc object
configure:8244: gcc -c -g -O0  conftest.c >&5
configure:8247: $? = 0
configure:8251: /usr/bin/nm -B conftest.o \| sed -n -e 's/^.*[ ]\([ABCDGIRSTW][ABCDGIRSTW]*\)[ ][ ]*\([_A-Za-z][_A-Za-z0-9]*\)$/\1 \2 \2/p' | sed '/ __gnu_lto/d' \> conftest.nm
configure:8254: $? = 0
configure:8320: gcc -o conftest -g -O0   conftest.c conftstm.o >&5
configure:8323: $? = 0
configure:8361: result: ok
configure:8408: checking for sysroot
configure:8438: result: no
configure:8445: checking for a working dd
configure:8483: result: /usr/bin/dd
configure:8487: checking how to truncate binary pipes
configure:8502: result: /usr/bin/dd bs=4096 count=1
configure:8638: gcc -c -g -O0  conftest.c >&5
configure:8641: $? = 0
configure:8831: checking for mt
configure:8861: result: no
configure:8881: checking if : is a manifest tool
configure:8887: : '-?'
configure:8895: result: no
configure:9569: checking for dlfcn.h
configure:9569: gcc -c -g -O0  conftest.c >&5
configure:9569: $? = 0
configure:9569: result: yes
configure:9836: checking for objdir
configure:9851: result: .libs
configure:10111: checking if gcc supports -fno-rtti -fno-exceptions
configure:10129: gcc -c -g -O0  -fno-rtti -fno-exceptions conftest.c >&5
cc1: warning: command line option '-fno-rtti' is valid for C++/ObjC++ but not for C
configure:10133: $? = 0
configure:10146: result: no
configure:10504: checking for gcc option to produce PIC
configure:10511: result: -fPIC -DPIC
configure:10519: checking if gcc PIC flag -fPIC -DPIC works
configure:10537: gcc -c -g -O0  -fPIC -DPIC -DPIC conftest.c >&5
configure:10541: $? = 0
configure:10554: result: yes
configure:10583: checking if gcc static flag -static works
configure:10611: result: yes
configure:10626: checking if gcc supports -c -o file.o
configure:10647: gcc -c -g -O0  -o out/conftest2.o conftest.c >&5
configure:10651: $? = 0
configure:10673: result: yes
configure:10681: checking if gcc supports -c -o file.o
configure:10728: result: yes
configure:10761: checking whether the gcc linker (/usr/bin/ld -m elf_x86_64) supports shared libraries
configure:12020: result: yes
configure:12057: checking whether -lc should be explicitly linked in
configure:12065: gcc -c -g -O0  conftest.c >&5
configure:12068: $? = 0
configure:12083: gcc -shared  -fPIC -DPIC conftest.o  -v -Wl,-soname -Wl,conftest -o conftest 2\>\&1 \| /usr/bin/grep  -lc  \>/dev/null 2\>\&1
configure:12086: $? = 0
configure:12100: result: no
configure:12260: checking dynamic linker characteristics
configure:12841: gcc -o conftest -g -O0   -Wl,-rpath -Wl,/foo conftest.c  >&5
configure:12841: $? = 0
configure:13078: result: GNU/Linux ld.so
configure:13200: checking how to hardcode library paths into programs
configure:13225: result: immediate
configure:13773: checking whether stripping libraries is possible
configure:13778: result: yes
configure:13813: checking if libtool supports shared libraries
configure:13815: result: yes
configure:13818: checking whether to build shared libraries
configure:13843: result: yes
configure:13846: checking whether to build static libraries
configure:13850: result: yes
configure:13873: checking how to run the C++ preprocessor
configure:13900: g++ -E  conftest.cpp
configure:13900: $? = 0
configure:13914: g++ -E  conftest.cpp
conftest.cpp:30:10: fatal error: ac_nonexistent.h: No such file or directory
 #include <ac_nonexistent.h>
          ^~~~~~~~~~~~~~~~~~
compilation terminated.
configure:13914: $? = 1
configure: failed program was:
| /* confdefs.h */
| #define PACKAGE_NAME "word_embedding_generator"
| #define PACKAGE_TARNAME "word_embedding_generator"
| #define PACKAGE_VERSION "0.1"
| #define PACKAGE_STRING "word_embedding_generator 0.1"
| #define PACKAGE_BUGREPORT ""
| #define PACKAGE_URL ""
| #define PACKAGE "word_embedding_generator"
| #define VERSION "0.1"
| #define GETTEXT_PACKAGE "word_embedding_generator"
| #define STDC_HEADERS 1
| #define HAVE_SYS_TYPES_H 1
| #define HAVE_SYS_STAT_H 1
| #define HAVE_STDLIB_H 1
| #define HAVE_STRING_H 1
| #define HAVE_MEMORY_H 1
| #define HAVE_STRINGS_H 1
| #define HAVE_INTTYPES_H 1
| #define HAVE_STDINT_H 1
| #define HAVE_UNISTD_H 1
| #define HAVE_LOCALE_H 1
| #define HAVE_LC_MESSAGES 1
| #define HAVE_BIND_TEXTDOMAIN_CODESET 1
| #define HAVE_GETTEXT 1
| #define HAVE_DCGETTEXT 1
| #define ENABLE_NLS 1
| #define HAVE_DLFCN_H 1
| #define LT_OBJDIR ".libs/"
| /* end confdefs.h.  */
| #include <ac_nonexistent.h>
configure:13939: result: g++ -E
configure:13959: g++ -E  conftest.cpp
configure:13959: $? = 0
configure:13973: g++ -E  conftest.cpp
conftest.cpp:30:10: fatal error: ac_nonexistent.h: No such file or directory
 #include <ac_nonexistent.h>
          ^~~~~~~~~~~~~~~~~~
compilation terminated.
configure:13973: $? = 1
configure: failed program was:
| /* confdefs.h */
| #define PACKAGE_NAME "word_embedding_generator"
| #define PACKAGE_TARNAME "word_embedding_generator"
| #define PACKAGE_VERSION "0.1"
| #define PACKAGE_STRING "word_embedding_generator 0.1"
| #define PACKAGE_BUGREPORT ""
| #define PACKAGE_URL ""
| #define PACKAGE "word_embedding_generator"
| #define VERSION "0.1"
| #define GETTEXT_PACKAGE "word_embedding_generator"
| #define STDC_HEADERS 1
| #define HAVE_SYS_TYPES_H 1
| #define HAVE_SYS_STAT_H 1
| #define HAVE_STDLIB_H 1
| #define HAVE_STRING_H 1
| #define HAVE_MEMORY_H 1
| #define HAVE_STRINGS_H 1
| #define HAVE_INTTYPES_H 1
| #define HAVE_STDINT_H 1
| #define HAVE_UNISTD_H 1
| #define HAVE_LOCALE_H 1
| #define HAVE_LC_MESSAGES 1
| #define HAVE_BIND_TEXTDOMAIN_CODESET 1
| #define HAVE_GETTEXT 1
| #define HAVE_DCGETTEXT 1
| #define ENABLE_NLS 1
| #define HAVE_DLFCN_H 1
| #define LT_OBJDIR ".libs/"
| /* end confdefs.h.  */
| #include <ac_nonexistent.h>
configure:14135: checking for ld used by g++
configure:14202: result: /usr/bin/ld -m elf_x86_64
configure:14209: checking if the linker (/usr/bin/ld -m elf_x86_64) is GNU ld
configure:14224: result: yes
configure:14279: checking whether the g++ linker (/usr/bin/ld -m elf_x86_64) supports shared libraries
configure:15352: result: yes
configure:15388: g++ -c -g -O0  conftest.cpp >&5
configure:15391: $? = 0
configure:15872: checking for g++ option to produce PIC
configure:15879: result: -fPIC -DPIC
configure:15887: checking if g++ PIC flag -fPIC -DPIC works
configure:15905: g++ -c -g -O0  -fPIC -DPIC -DPIC conftest.cpp >&5
configure:15909: $? = 0
configure:15922: result: yes
configure:15945: checking if g++ static flag -static works
configure:15973: result: yes
configure:15985: checking if g++ supports -c -o file.o
configure:16006: g++ -c -g -O0  -o out/conftest2.o conftest.cpp >&5
configure:16010: $? = 0
configure:16032: result: yes
configure:16037: checking if g++ supports -c -o file.o
configure:16084: result: yes
configure:16114: checking whether the g++ linker (/usr/bin/ld -m elf_x86_64) supports shared libraries
configure:16154: result: yes
configure:16295: checking dynamic linker characteristics
configure:17040: result: GNU/Linux ld.so
configure:17105: checking how to hardcode library paths into programs
configure:17130: result: immediate
configure:17307: checking that generated files are newer than configure
configure:17313: result: done
configure:17344: creating ./config.status

## ---------------------- ##
## Running config.status. ##
## ---------------------- ##

This file was extended by word_embedding_generator config.status 0.1, which was
generated by GNU Autoconf 2.69.  Invocation command line was

  CONFIG_FILES    = 
  CONFIG_HEADERS  = 
  CONFIG_LINKS    = 
  CONFIG_COMMANDS = 
  $ ./config.status 

on delta-arch

config.status:1226: creating Makefile
config.status:1226: creating src/Makefile
config.status:1226: creating po/Makefile.in
config.status:1226: creating config.h
config.status:1440: executing depfiles commands
config.status:1440: executing default-1 commands
config.status:1440: executing libtool commands
config.status:1440: executing po/stamp-it commands
configure:19776: WARNING: unrecognized options: --enable-maintainer-mode

## ---------------- ##
## Cache variables. ##
## ---------------- ##

ac_cv_build=x86_64-pc-linux-gnu
ac_cv_c_compiler_gnu=yes
ac_cv_cxx_compiler_gnu=yes
ac_cv_env_CCC_set=
ac_cv_env_CCC_value=
ac_cv_env_CC_set=
ac_cv_env_CC_value=
ac_cv_env_CFLAGS_set=set
ac_cv_env_CFLAGS_value='-g -O0'
ac_cv_env_CPPFLAGS_set=
ac_cv_env_CPPFLAGS_value=
ac_cv_env_CPP_set=
ac_cv_env_CPP_value=
ac_cv_env_CXXCPP_set=
ac_cv_env_CXXCPP_value=
ac_cv_env_CXXFLAGS_set=set
ac_cv_env_CXXFLAGS_value='-g -O0'
ac_cv_env_CXX_set=
ac_cv_env_CXX_value=
ac_cv_env_LDFLAGS_set=
ac_cv_env_LDFLAGS_value=
ac_cv_env_LIBS_set=
ac_cv_env_LIBS_value=
ac_cv_env_LT_SYS_LIBRARY_PATH_set=
ac_cv_env_LT_SYS_LIBRARY_PATH_value=
ac_cv_env_build_alias_set=
ac_cv_env_build_alias_value=
ac_cv_env_host_alias_set=
ac_cv_env_host_alias_value=
ac_cv_env_target_alias_set=
ac_cv_env_target_alias_value=
ac_cv_func_bind_textdomain_codeset=yes
ac_cv_func_dcgettext=yes
ac_cv_header_dlfcn_h=yes
ac_cv_header_inttypes_h=yes
ac_cv_header_libintl_h=yes
ac_cv_header_locale_h=yes
ac_cv_header_memory_h=yes
ac_cv_header_stdc=yes
ac_cv_header_stdint_h=yes
ac_cv_header_stdlib_h=yes
ac_cv_header_string_h=yes
ac_cv_header_strings_h=yes
ac_cv_header_sys_stat_h=yes
ac_cv_header_sys_types_h=yes
ac_cv_header_unistd_h=yes
ac_cv_host=x86_64-pc-linux-gnu
ac_cv_objext=o
ac_cv_path_EGREP='/usr/bin/grep -E'
ac_cv_path_FGREP='/usr/bin/grep -F'
ac_cv_path_GMSGFMT=/opt/anaconda/bin/msgfmt
ac_cv_path_GREP=/usr/bin/grep
ac_cv_path_INTLTOOL_EXTRACT=/usr/bin/intltool-extract
ac_cv_path_INTLTOOL_MERGE=/usr/bin/intltool-merge
ac_cv_path_INTLTOOL_PERL=/usr/bin/perl
ac_cv_path_INTLTOOL_UPDATE=/usr/bin/intltool-update
ac_cv_path_MSGFMT=/opt/anaconda/bin/msgfmt
ac_cv_path_MSGMERGE=/opt/anaconda/bin/msgmerge
ac_cv_path_SED=/usr/bin/sed
ac_cv_path_XGETTEXT=/opt/anaconda/bin/xgettext
ac_cv_path_install='/usr/bin/install -c'
ac_cv_path_lt_DD=/usr/bin/dd
ac_cv_path_mkdir=/usr/bin/mkdir
ac_cv_prog_AWK=gawk
ac_cv_prog_CPP='gcc -E'
ac_cv_prog_CXXCPP='g++ -E'
ac_cv_prog_ac_ct_AR=ar
ac_cv_prog_ac_ct_CC=gcc
ac_cv_prog_ac_ct_CXX=g++
ac_cv_prog_ac_ct_OBJDUMP=objdump
ac_cv_prog_ac_ct_RANLIB=ranlib
ac_cv_prog_ac_ct_STRIP=strip
ac_cv_prog_cc_c89=
ac_cv_prog_cc_g=yes
ac_cv_prog_cxx_g=yes
ac_cv_prog_make_make_set=yes
am_cv_CC_dependencies_compiler_type=gcc3
am_cv_CXX_dependencies_compiler_type=gcc3
am_cv_make_support_nested_variables=yes
am_cv_prog_cc_c_o=yes
am_cv_val_LC_MESSAGES=yes
gt_cv_func_CFLocaleCopyCurrent=no
gt_cv_func_CFPreferencesCopyAppValue=no
gt_cv_func_dgettext_libc=yes
gt_cv_func_dgettext_libintl=no
gt_cv_func_ngettext_libc=yes
gt_cv_have_gettext=yes
lt_cv_ar_at_file=@
lt_cv_archive_cmds_need_lc=no
lt_cv_deplibs_check_method=pass_all
lt_cv_file_magic_cmd='$MAGIC_CMD'
lt_cv_file_magic_test_file=
lt_cv_ld_reload_flag=-r
lt_cv_nm_interface='BSD nm'
lt_cv_objdir=.libs
lt_cv_path_LD=/usr/bin/ld
lt_cv_path_LDCXX='/usr/bin/ld -m elf_x86_64'
lt_cv_path_NM='/usr/bin/nm -B'
lt_cv_path_mainfest_tool=no
lt_cv_prog_compiler_c_o=yes
lt_cv_prog_compiler_c_o_CXX=yes
lt_cv_prog_compiler_pic='-fPIC -DPIC'
lt_cv_prog_compiler_pic_CXX='-fPIC -DPIC'
lt_cv_prog_compiler_pic_works=yes
lt_cv_prog_compiler_pic_works_CXX=yes
lt_cv_prog_compiler_rtti_exceptions=no
lt_cv_prog_compiler_static_works=yes
lt_cv_prog_compiler_static_works_CXX=yes
lt_cv_prog_gnu_ld=yes
lt_cv_prog_gnu_ldcxx=yes
lt_cv_sharedlib_from_linklib_cmd='printf %s\n'
lt_cv_shlibpath_overrides_runpath=no
lt_cv_sys_global_symbol_pipe='sed -n -e '\''s/^.*[	 ]\([ABCDGIRSTW][ABCDGIRSTW]*\)[	 ][	 ]*\([_A-Za-z][_A-Za-z0-9]*\)$/\1 \2 \2/p'\'' | sed '\''/ __gnu_lto/d'\'''
lt_cv_sys_global_symbol_to_c_name_address='sed -n -e '\''s/^: \(.*\) .*$/  {"\1", (void *) 0},/p'\'' -e '\''s/^[ABCDGIRSTW][ABCDGIRSTW]* .* \(.*\)$/  {"\1", (void *) \&\1},/p'\'''
lt_cv_sys_global_symbol_to_c_name_address_lib_prefix='sed -n -e '\''s/^: \(.*\) .*$/  {"\1", (void *) 0},/p'\'' -e '\''s/^[ABCDGIRSTW][ABCDGIRSTW]* .* \(lib.*\)$/  {"\1", (void *) \&\1},/p'\'' -e '\''s/^[ABCDGIRSTW][ABCDGIRSTW]* .* \(.*\)$/  {"lib\1", (void *) \&\1},/p'\'''
lt_cv_sys_global_symbol_to_cdecl='sed -n -e '\''s/^T .* \(.*\)$/extern int \1();/p'\'' -e '\''s/^[ABCDGIRSTW][ABCDGIRSTW]* .* \(.*\)$/extern char \1;/p'\'''
lt_cv_sys_global_symbol_to_import=
lt_cv_sys_max_cmd_len=1572864
lt_cv_to_host_file_cmd=func_convert_file_noop
lt_cv_to_tool_file_cmd=func_convert_file_noop
lt_cv_truncate_bin='/usr/bin/dd bs=4096 count=1'

## ----------------- ##
## Output variables. ##
## ----------------- ##

ACLOCAL='${SHELL} /home/delta/mit-course/git/alexa_skills/poetry_gen/c_plus_plus_project/missing aclocal-1.15'
ALL_LINGUAS=''
AMDEPBACKSLASH='\'
AMDEP_FALSE='#'
AMDEP_TRUE=''
AMTAR='$${TAR-tar}'
AM_BACKSLASH='\'
AM_DEFAULT_V='$(AM_DEFAULT_VERBOSITY)'
AM_DEFAULT_VERBOSITY='0'
AM_V='$(V)'
AR='ar'
AUTOCONF='${SHELL} /home/delta/mit-course/git/alexa_skills/poetry_gen/c_plus_plus_project/missing autoconf'
AUTOHEADER='${SHELL} /home/delta/mit-course/git/alexa_skills/poetry_gen/c_plus_plus_project/missing autoheader'
AUTOMAKE='${SHELL} /home/delta/mit-course/git/alexa_skills/poetry_gen/c_plus_plus_project/missing automake-1.15'
AWK='gawk'
CATALOGS=''
CATOBJEXT='.gmo'
CC='gcc'
CCDEPMODE='depmode=gcc3'
CFLAGS='-g -O0'
CPP='gcc -E'
CPPFLAGS=''
CXX='g++'
CXXCPP='g++ -E'
CXXDEPMODE='depmode=gcc3'
CXXFLAGS='-g -O0'
CYGPATH_W='echo'
DATADIRNAME='share'
DEFS='-DHAVE_CONFIG_H'
DEPDIR='.deps'
DLLTOOL='false'
DSYMUTIL=''
DUMPBIN=''
ECHO_C=''
ECHO_N='-n'
ECHO_T=''
EGREP='/usr/bin/grep -E'
EXEEXT=''
FGREP='/usr/bin/grep -F'
GETTEXT_PACKAGE='word_embedding_generator'
GMOFILES=''
GMSGFMT='/opt/anaconda/bin/msgfmt'
GREP='/usr/bin/grep'
INSTALL_DATA='${INSTALL} -m 644'
INSTALL_PROGRAM='${INSTALL}'
INSTALL_SCRIPT='${INSTALL}'
INSTALL_STRIP_PROGRAM='$(install_sh) -c -s'
INSTOBJEXT='.mo'
INTLLIBS=''
INTLTOOL_CAVES_RULE='%.caves:     %.caves.in     $(INTLTOOL_MERGE) $(wildcard $(top_srcdir)/po/*.po) ; $(INTLTOOL_V_MERGE)LC_ALL=C $(INTLTOOL_MERGE) $(INTLTOOL_V_MERGE_OPTIONS) -d -u -c $(top_builddir)/po/.intltool-merge-cache $(top_srcdir)/po $< $@'
INTLTOOL_DESKTOP_RULE='%.desktop:   %.desktop.in   $(INTLTOOL_MERGE) $(wildcard $(top_srcdir)/po/*.po) ; $(INTLTOOL_V_MERGE)LC_ALL=C $(INTLTOOL_MERGE) $(INTLTOOL_V_MERGE_OPTIONS) -d -u -c $(top_builddir)/po/.intltool-merge-cache $(top_srcdir)/po $< $@'
INTLTOOL_DIRECTORY_RULE='%.directory: %.directory.in $(INTLTOOL_MERGE) $(wildcard $(top_srcdir)/po/*.po) ; $(INTLTOOL_V_MERGE)LC_ALL=C $(INTLTOOL_MERGE) $(INTLTOOL_V_MERGE_OPTIONS) -d -u -c $(top_builddir)/po/.intltool-merge-cache $(top_srcdir)/po $< $@'
INTLTOOL_EXTRACT='/usr/bin/intltool-extract'
INTLTOOL_KBD_RULE='%.kbd:       %.kbd.in       $(INTLTOOL_MERGE) $(wildcard $(top_srcdir)/po/*.po) ; $(INTLTOOL_V_MERGE)LC_ALL=C $(INTLTOOL_MERGE) $(INTLTOOL_V_MERGE_OPTIONS) -x -u -m -c $(top_builddir)/po/.intltool-merge-cache $(top_srcdir)/po $< $@'
INTLTOOL_KEYS_RULE='%.keys:      %.keys.in      $(INTLTOOL_MERGE) $(wildcard $(top_srcdir)/po/*.po) ; $(INTLTOOL_V_MERGE)LC_ALL=C $(INTLTOOL_MERGE) $(INTLTOOL_V_MERGE_OPTIONS) -k -u -c $(top_builddir)/po/.intltool-merge-cache $(top_srcdir)/po $< $@'
INTLTOOL_MERGE='/usr/bin/intltool-merge'
INTLTOOL_OAF_RULE='%.oaf:       %.oaf.in       $(INTLTOOL_MERGE) $(wildcard $(top_srcdir)/po/*.po) ; $(INTLTOOL_V_MERGE)LC_ALL=C $(INTLTOOL_MERGE) $(INTLTOOL_V_MERGE_OPTIONS) -o -p $(top_srcdir)/po $< $@'
INTLTOOL_PERL='/usr/bin/perl'
INTLTOOL_POLICY_RULE='%.policy:    %.policy.in    $(INTLTOOL_MERGE) $(wildcard $(top_srcdir)/po/*.po) ; $(INTLTOOL_V_MERGE)LC_ALL=C $(INTLTOOL_MERGE) $(INTLTOOL_V_MERGE_OPTIONS) -x -u -c $(top_builddir)/po/.intltool-merge-cache $(top_srcdir)/po $< $@'
INTLTOOL_PONG_RULE='%.pong:      %.pong.in      $(INTLTOOL_MERGE) $(wildcard $(top_srcdir)/po/*.po) ; $(INTLTOOL_V_MERGE)LC_ALL=C $(INTLTOOL_MERGE) $(INTLTOOL_V_MERGE_OPTIONS) -x -u -c $(top_builddir)/po/.intltool-merge-cache $(top_srcdir)/po $< $@'
INTLTOOL_PROP_RULE='%.prop:      %.prop.in      $(INTLTOOL_MERGE) $(wildcard $(top_srcdir)/po/*.po) ; $(INTLTOOL_V_MERGE)LC_ALL=C $(INTLTOOL_MERGE) $(INTLTOOL_V_MERGE_OPTIONS) -d -u -c $(top_builddir)/po/.intltool-merge-cache $(top_srcdir)/po $< $@'
INTLTOOL_SCHEMAS_RULE='%.schemas:   %.schemas.in   $(INTLTOOL_MERGE) $(wildcard $(top_srcdir)/po/*.po) ; $(INTLTOOL_V_MERGE)LC_ALL=C $(INTLTOOL_MERGE) $(INTLTOOL_V_MERGE_OPTIONS) -s -u -c $(top_builddir)/po/.intltool-merge-cache $(top_srcdir)/po $< $@'
INTLTOOL_SERVER_RULE='%.server:    %.server.in    $(INTLTOOL_MERGE) $(wildcard $(top_srcdir)/po/*.po) ; $(INTLTOOL_V_MERGE)LC_ALL=C $(INTLTOOL_MERGE) $(INTLTOOL_V_MERGE_OPTIONS) -o -u -c $(top_builddir)/po/.intltool-merge-cache $(top_srcdir)/po $< $@'
INTLTOOL_SERVICE_RULE='%.service: %.service.in   $(INTLTOOL_MERGE) $(wildcard $(top_srcdir)/po/*.po) ; $(INTLTOOL_V_MERGE)LC_ALL=C $(INTLTOOL_MERGE) $(INTLTOOL_V_MERGE_OPTIONS) -d -u -c $(top_builddir)/po/.intltool-merge-cache $(top_srcdir)/po $< $@'
INTLTOOL_SHEET_RULE='%.sheet:     %.sheet.in     $(INTLTOOL_MERGE) $(wildcard $(top_srcdir)/po/*.po) ; $(INTLTOOL_V_MERGE)LC_ALL=C $(INTLTOOL_MERGE) $(INTLTOOL_V_MERGE_OPTIONS) -x -u -c $(top_builddir)/po/.intltool-merge-cache $(top_srcdir)/po $< $@'
INTLTOOL_SOUNDLIST_RULE='%.soundlist: %.soundlist.in $(INTLTOOL_MERGE) $(wildcard $(top_srcdir)/po/*.po) ; $(INTLTOOL_V_MERGE)LC_ALL=C $(INTLTOOL_MERGE) $(INTLTOOL_V_MERGE_OPTIONS) -d -u -c $(top_builddir)/po/.intltool-merge-cache $(top_srcdir)/po $< $@'
INTLTOOL_THEME_RULE='%.theme:     %.theme.in     $(INTLTOOL_MERGE) $(wildcard $(top_srcdir)/po/*.po) ; $(INTLTOOL_V_MERGE)LC_ALL=C $(INTLTOOL_MERGE) $(INTLTOOL_V_MERGE_OPTIONS) -d -u -c $(top_builddir)/po/.intltool-merge-cache $(top_srcdir)/po $< $@'
INTLTOOL_UI_RULE='%.ui:        %.ui.in        $(INTLTOOL_MERGE) $(wildcard $(top_srcdir)/po/*.po) ; $(INTLTOOL_V_MERGE)LC_ALL=C $(INTLTOOL_MERGE) $(INTLTOOL_V_MERGE_OPTIONS) -x -u -c $(top_builddir)/po/.intltool-merge-cache $(top_srcdir)/po $< $@'
INTLTOOL_UPDATE='/usr/bin/intltool-update'
INTLTOOL_V_MERGE='$(INTLTOOL__v_MERGE_$(V))'
INTLTOOL_V_MERGE_OPTIONS='$(intltool__v_merge_options_$(V))'
INTLTOOL_XAM_RULE='%.xam:       %.xml.in       $(INTLTOOL_MERGE) $(wildcard $(top_srcdir)/po/*.po) ; $(INTLTOOL_V_MERGE)LC_ALL=C $(INTLTOOL_MERGE) $(INTLTOOL_V_MERGE_OPTIONS) -x -u -c $(top_builddir)/po/.intltool-merge-cache $(top_srcdir)/po $< $@'
INTLTOOL_XML_NOMERGE_RULE='%.xml:       %.xml.in       $(INTLTOOL_MERGE) ; $(INTLTOOL_V_MERGE)LC_ALL=C $(INTLTOOL_MERGE) $(INTLTOOL_V_MERGE_OPTIONS) -x -u --no-translations $< $@'
INTLTOOL_XML_RULE='%.xml:       %.xml.in       $(INTLTOOL_MERGE) $(wildcard $(top_srcdir)/po/*.po) ; $(INTLTOOL_V_MERGE)LC_ALL=C $(INTLTOOL_MERGE) $(INTLTOOL_V_MERGE_OPTIONS) -x -u -c $(top_builddir)/po/.intltool-merge-cache $(top_srcdir)/po $< $@'
INTLTOOL__v_MERGE_0='@echo "  ITMRG " $@;'
INTLTOOL__v_MERGE_='$(INTLTOOL__v_MERGE_$(AM_DEFAULT_VERBOSITY))'
INTL_MACOSX_LIBS=''
LD='/usr/bin/ld -m elf_x86_64'
LDFLAGS=''
LIBOBJS=''
LIBS=''
LIBTOOL='$(SHELL) $(top_builddir)/libtool'
LIPO=''
LN_S='ln -s'
LTLIBOBJS=''
LT_SYS_LIBRARY_PATH=''
MAKEINFO='${SHELL} /home/delta/mit-course/git/alexa_skills/poetry_gen/c_plus_plus_project/missing makeinfo'
MANIFEST_TOOL=':'
MKDIR_P='/usr/bin/mkdir -p'
MKINSTALLDIRS='/home/delta/mit-course/git/alexa_skills/poetry_gen/c_plus_plus_project/mkinstalldirs'
MSGFMT='/opt/anaconda/bin/msgfmt'
MSGFMT_OPTS='-c'
MSGMERGE='/opt/anaconda/bin/msgmerge'
NM='/usr/bin/nm -B'
NMEDIT=''
OBJDUMP='objdump'
OBJEXT='o'
OTOOL64=''
OTOOL=''
PACKAGE='word_embedding_generator'
PACKAGE_BUGREPORT=''
PACKAGE_NAME='word_embedding_generator'
PACKAGE_STRING='word_embedding_generator 0.1'
PACKAGE_TARNAME='word_embedding_generator'
PACKAGE_URL=''
PACKAGE_VERSION='0.1'
PATH_SEPARATOR=':'
POFILES=''
POSUB='po'
PO_IN_DATADIR_FALSE=''
PO_IN_DATADIR_TRUE=''
RANLIB='ranlib'
SED='/usr/bin/sed'
SET_MAKE=''
SHELL='/bin/sh'
STRIP='strip'
USE_NLS='yes'
VERSION='0.1'
XGETTEXT='/opt/anaconda/bin/xgettext'
ac_ct_AR='ar'
ac_ct_CC='gcc'
ac_ct_CXX='g++'
ac_ct_DUMPBIN=''
am__EXEEXT_FALSE=''
am__EXEEXT_TRUE='#'
am__fastdepCC_FALSE='#'
am__fastdepCC_TRUE=''
am__fastdepCXX_FALSE='#'
am__fastdepCXX_TRUE=''
am__include='include'
am__isrc=' -I$(srcdir)'
am__leading_dot='.'
am__nodep='_no'
am__quote=''
am__tar='$${TAR-tar} chof - "$$tardir"'
am__untar='$${TAR-tar} xf -'
bindir='${exec_prefix}/bin'
build='x86_64-pc-linux-gnu'
build_alias=''
build_cpu='x86_64'
build_os='linux-gnu'
build_vendor='pc'
datadir='${datarootdir}'
datarootdir='${prefix}/share'
docdir='${datarootdir}/doc/${PACKAGE_TARNAME}'
dvidir='${docdir}'
exec_prefix='${prefix}'
host='x86_64-pc-linux-gnu'
host_alias=''
host_cpu='x86_64'
host_os='linux-gnu'
host_vendor='pc'
htmldir='${docdir}'
includedir='${prefix}/include'
infodir='${datarootdir}/info'
install_sh='${SHELL} /home/delta/mit-course/git/alexa_skills/poetry_gen/c_plus_plus_project/install-sh'
intltool__v_merge_options_0='-q'
intltool__v_merge_options_='$(intltool__v_merge_options_$(AM_DEFAULT_VERBOSITY))'
libdir='${exec_prefix}/lib'
libexecdir='${exec_prefix}/libexec'
localedir='${datarootdir}/locale'
localstatedir='${prefix}/var'
mandir='${datarootdir}/man'
mkdir_p='$(MKDIR_P)'
oldincludedir='/usr/include'
pdfdir='${docdir}'
prefix='/usr/local'
program_transform_name='s,x,x,'
psdir='${docdir}'
sbindir='${exec_prefix}/sbin'
sharedstatedir='${prefix}/com'
sysconfdir='${prefix}/etc'
target_alias=''

## ----------- ##
## confdefs.h. ##
## ----------- ##

/* confdefs.h */
#define PACKAGE_NAME "word_embedding_generator"
#define PACKAGE_TARNAME "word_embedding_generator"
#define PACKAGE_VERSION "0.1"
#define PACKAGE_STRING "word_embedding_generator 0.1"
#define PACKAGE_BUGREPORT ""
#define PACKAGE_URL ""
#define PACKAGE "word_embedding_generator"
#define VERSION "0.1"
#define GETTEXT_PACKAGE "word_embedding_generator"
#define STDC_HEADERS 1
#define HAVE_SYS_TYPES_H 1
#define HAVE_SYS_STAT_H 1
#define HAVE_STDLIB_H 1
#define HAVE_STRING_H 1
#define HAVE_MEMORY_H 1
#define HAVE_STRINGS_H 1
#define HAVE_INTTYPES_H 1
#define HAVE_STDINT_H 1
#define HAVE_UNISTD_H 1
#define HAVE_LOCALE_H 1
#define HAVE_LC_MESSAGES 1
#define HAVE_BIND_TEXTDOMAIN_CODESET 1
#define HAVE_GETTEXT 1
#define HAVE_DCGETTEXT 1
#define ENABLE_NLS 1
#define HAVE_DLFCN_H 1
#define LT_OBJDIR ".libs/"

configure: exit 0
